<?xml version="1.0" encoding="UTF-8"?>
<testng-results ignored="0" total="1" passed="1" failed="0" skipped="0">
  <reporter-output>
  </reporter-output>
  <suite started-at="2023-12-13T17:28:19 IST" name="Default suite" finished-at="2023-12-13T17:28:40 IST" duration-ms="21248">
    <groups>
    </groups>
    <test started-at="2023-12-13T17:28:19 IST" name="Default test" finished-at="2023-12-13T17:28:40 IST" duration-ms="21248">
      <class name="qsp1.RunnerScript1">
        <test-method is-config="true" signature="openAppln()[pri:0, instance:qsp1.RunnerScript1@4944252c]" started-at="2023-12-13T17:28:19 IST" name="openAppln" finished-at="2023-12-13T17:28:31 IST" duration-ms="12074" status="PASS">
          <reporter-output>
          </reporter-output>
        </test-method> <!-- openAppln -->
        <test-method signature="validLogin()[pri:0, instance:qsp1.RunnerScript1@4944252c]" started-at="2023-12-13T17:28:31 IST" name="validLogin" finished-at="2023-12-13T17:28:35 IST" duration-ms="4647" status="PASS">
          <reporter-output>
          </reporter-output>
        </test-method> <!-- validLogin -->
        <test-method is-config="true" signature="closeAppln()[pri:0, instance:qsp1.RunnerScript1@4944252c]" started-at="2023-12-13T17:28:35 IST" name="closeAppln" finished-at="2023-12-13T17:28:40 IST" duration-ms="4332" status="PASS">
          <reporter-output>
          </reporter-output>
        </test-method> <!-- closeAppln -->
      </class> <!-- qsp1.RunnerScript1 -->
    </test> <!-- Default test -->
  </suite> <!-- Default suite -->
</testng-results>
